0 info it worked if it ends with ok
1 verbose cli [ '/usr/local/bin/node',
1 verbose cli   '/Users/danielmoi/.npm-packages/bin/npm',
1 verbose cli   'run',
1 verbose cli   'tsc' ]
2 info using npm@3.9.3
3 info using node@v4.2.2
4 verbose run-script [ 'pretsc', 'tsc', 'posttsc' ]
5 info lifecycle modules-mark-brown@1.0.0~pretsc: modules-mark-brown@1.0.0
6 silly lifecycle modules-mark-brown@1.0.0~pretsc: no script for pretsc, continuing
7 info lifecycle modules-mark-brown@1.0.0~tsc: modules-mark-brown@1.0.0
8 verbose lifecycle modules-mark-brown@1.0.0~tsc: unsafe-perm in lifecycle true
9 verbose lifecycle modules-mark-brown@1.0.0~tsc: PATH: /Users/danielmoi/.npm-packages/lib/node_modules/npm/bin/node-gyp-bin:/Users/danielmoi/Documents/HOMEBASE/Technology/code-sandbox/modules-app/node_modules/.bin:/usr/local/bin:/Users/danielmoi/.npm-packages/bin:/Users/danielmoi/.rvm/gems/ruby-2.3.0/bin:/Users/danielmoi/.rvm/gems/ruby-2.3.0@global/bin:/Users/danielmoi/.rvm/rubies/ruby-2.3.0/bin:/usr/local/bin:/usr/bin:/bin:/usr/sbin:/sbin:/opt/X11/bin:/Applications/Postgres.app/Contents/Versions/latest/bin:/Users/danielmoi/.rvm/bin
10 verbose lifecycle modules-mark-brown@1.0.0~tsc: CWD: /Users/danielmoi/Documents/HOMEBASE/Technology/code-sandbox/modules-app
11 silly lifecycle modules-mark-brown@1.0.0~tsc: Args: [ '-c', 'tsc --outDir ./dist ./src/ts-lib.ts' ]
12 silly lifecycle modules-mark-brown@1.0.0~tsc: Returned: code: 2  signal: null
13 info lifecycle modules-mark-brown@1.0.0~tsc: Failed to exec tsc script
14 verbose stack Error: modules-mark-brown@1.0.0 tsc: `tsc --outDir ./dist ./src/ts-lib.ts`
14 verbose stack Exit status 2
14 verbose stack     at EventEmitter.<anonymous> (/Users/danielmoi/.npm-packages/lib/node_modules/npm/lib/utils/lifecycle.js:245:16)
14 verbose stack     at emitTwo (events.js:87:13)
14 verbose stack     at EventEmitter.emit (events.js:172:7)
14 verbose stack     at ChildProcess.<anonymous> (/Users/danielmoi/.npm-packages/lib/node_modules/npm/lib/utils/spawn.js:24:14)
14 verbose stack     at emitTwo (events.js:87:13)
14 verbose stack     at ChildProcess.emit (events.js:172:7)
14 verbose stack     at maybeClose (internal/child_process.js:818:16)
14 verbose stack     at Process.ChildProcess._handle.onexit (internal/child_process.js:211:5)
15 verbose pkgid modules-mark-brown@1.0.0
16 verbose cwd /Users/danielmoi/Documents/HOMEBASE/Technology/code-sandbox/modules-app
17 error Darwin 15.5.0
18 error argv "/usr/local/bin/node" "/Users/danielmoi/.npm-packages/bin/npm" "run" "tsc"
19 error node v4.2.2
20 error npm  v3.9.3
21 error code ELIFECYCLE
22 error modules-mark-brown@1.0.0 tsc: `tsc --outDir ./dist ./src/ts-lib.ts`
22 error Exit status 2
23 error Failed at the modules-mark-brown@1.0.0 tsc script 'tsc --outDir ./dist ./src/ts-lib.ts'.
23 error Make sure you have the latest version of node.js and npm installed.
23 error If you do, this is most likely a problem with the modules-mark-brown package,
23 error not with npm itself.
23 error Tell the author that this fails on your system:
23 error     tsc --outDir ./dist ./src/ts-lib.ts
23 error You can get information on how to open an issue for this project with:
23 error     npm bugs modules-mark-brown
23 error Or if that isn't available, you can get their info via:
23 error     npm owner ls modules-mark-brown
23 error There is likely additional logging output above.
24 verbose exit [ 1, true ]
